<?xml version="1.0" encoding="UTF-8"?>
<coverage generated="1556985220597" clover="3.2.0">
  <project timestamp="1556985220597" name="All files">
    <metrics statements="18" coveredstatements="17" conditionals="0" coveredconditionals="0" methods="9" coveredmethods="9" elements="27" coveredelements="26" complexity="0" loc="18" ncloc="18" packages="1" files="1" classes="1"/>
    <file name="index.js" path="/Users/ericssonschroeter/Documents/Current-Projects/deliminator/src/index.js">
      <metrics statements="18" coveredstatements="17" conditionals="0" coveredconditionals="0" methods="9" coveredmethods="9"/>
      <line num="1" count="2" type="stmt"/>
      <line num="3" count="2" type="stmt"/>
      <line num="4" count="32" type="stmt"/>
      <line num="7" count="2" type="stmt"/>
      <line num="8" count="4" type="stmt"/>
      <line num="11" count="4" type="stmt"/>
      <line num="13" count="6" type="stmt"/>
      <line num="18" count="3" type="stmt"/>
      <line num="20" count="2" type="stmt"/>
      <line num="21" count="3" type="stmt"/>
      <line num="24" count="2" type="stmt"/>
      <line num="26" count="3" type="stmt"/>
      <line num="27" count="3" type="stmt"/>
      <line num="28" count="3" type="stmt"/>
      <line num="31" count="0" type="stmt"/>
      <line num="36" count="6" type="stmt"/>
      <line num="42" count="6" type="stmt"/>
      <line num="48" count="2" type="stmt"/>
    </file>
  </project>
</coverage>
