<?xml version="1.0" encoding="UTF-8"?>
<coverage generated="1549899823049" clover="3.2.0">
  <project timestamp="1549899823050" name="All files">
    <metrics statements="17" coveredstatements="17" conditionals="0" coveredconditionals="0" methods="12" coveredmethods="11" elements="29" coveredelements="28" complexity="0" loc="17" ncloc="17" packages="1" files="1" classes="1">
      <file name="index.js" path="/Users/ericssonschroeter/Documents/Current-Projects/deliminator/src/index.js">
        <metrics statements="17" coveredstatements="17" conditionals="0" coveredconditionals="0" methods="12" coveredmethods="11"/>
        <line num="1" count="2" type="stmt"/>
        <line num="3" count="2" type="stmt"/>
        <line num="4" count="32" type="stmt"/>
        <line num="7" count="2" type="stmt"/>
        <line num="8" count="4" type="stmt"/>
        <line num="11" count="4" type="stmt"/>
        <line num="12" count="4" type="stmt"/>
        <line num="15" count="3" type="stmt"/>
        <line num="20" count="3" type="stmt"/>
        <line num="21" count="3" type="stmt"/>
        <line num="27" count="2" type="stmt"/>
        <line num="28" count="3" type="stmt"/>
        <line num="31" count="2" type="stmt"/>
        <line num="32" count="3" type="stmt"/>
        <line num="35" count="6" type="stmt"/>
        <line num="41" count="6" type="stmt"/>
        <line num="47" count="2" type="stmt"/>
      </file>
    </metrics>
  </project>
</coverage>
