{"/Users/ericssonschroeter/Documents/Current-Projects/deliminator/src/index.js": {"path":"/Users/ericssonschroeter/Documents/Current-Projects/deliminator/src/index.js","statementMap":{"0":{"start":{"line":1,"column":18},"end":{"line":1,"column":34}},"1":{"start":{"line":3,"column":18},"end":{"line":5,"column":1}},"2":{"start":{"line":4,"column":23},"end":{"line":4,"column":44}},"3":{"start":{"line":7,"column":17},"end":{"line":9,"column":1}},"4":{"start":{"line":8,"column":23},"end":{"line":8,"column":44}},"5":{"start":{"line":11,"column":22},"end":{"line":11,"column":77}},"6":{"start":{"line":11,"column":55},"end":{"line":11,"column":76}},"7":{"start":{"line":13,"column":17},"end":{"line":16,"column":2}},"8":{"start":{"line":13,"column":25},"end":{"line":16,"column":1}},"9":{"start":{"line":18,"column":22},"end":{"line":18,"column":48}},"10":{"start":{"line":18,"column":35},"end":{"line":18,"column":48}},"11":{"start":{"line":20,"column":24},"end":{"line":22,"column":1}},"12":{"start":{"line":21,"column":31},"end":{"line":21,"column":80}},"13":{"start":{"line":24,"column":29},"end":{"line":34,"column":1}},"14":{"start":{"line":26,"column":4},"end":{"line":32,"column":5}},"15":{"start":{"line":27,"column":20},"end":{"line":27,"column":70}},"16":{"start":{"line":28,"column":6},"end":{"line":28,"column":34}},"17":{"start":{"line":31,"column":6},"end":{"line":31,"column":13}},"18":{"start":{"line":36,"column":15},"end":{"line":40,"column":2}},"19":{"start":{"line":36,"column":29},"end":{"line":40,"column":1}},"20":{"start":{"line":42,"column":20},"end":{"line":46,"column":2}},"21":{"start":{"line":42,"column":34},"end":{"line":46,"column":1}},"22":{"start":{"line":48,"column":0},"end":{"line":48,"column":41}}},"fnMap":{"0":{"name":"(anonymous_0)","decl":{"start":{"line":4,"column":2},"end":{"line":4,"column":3}},"loc":{"start":{"line":4,"column":23},"end":{"line":4,"column":44}},"line":4},"1":{"name":"(anonymous_1)","decl":{"start":{"line":8,"column":2},"end":{"line":8,"column":3}},"loc":{"start":{"line":8,"column":23},"end":{"line":8,"column":44}},"line":8},"2":{"name":"(anonymous_2)","decl":{"start":{"line":11,"column":28},"end":{"line":11,"column":29}},"loc":{"start":{"line":11,"column":55},"end":{"line":11,"column":76}},"line":11},"3":{"name":"(anonymous_3)","decl":{"start":{"line":13,"column":17},"end":{"line":13,"column":18}},"loc":{"start":{"line":13,"column":25},"end":{"line":16,"column":1}},"line":13},"4":{"name":"(anonymous_4)","decl":{"start":{"line":18,"column":22},"end":{"line":18,"column":23}},"loc":{"start":{"line":18,"column":35},"end":{"line":18,"column":48}},"line":18},"5":{"name":"(anonymous_5)","decl":{"start":{"line":21,"column":2},"end":{"line":21,"column":3}},"loc":{"start":{"line":21,"column":31},"end":{"line":21,"column":80}},"line":21},"6":{"name":"(anonymous_6)","decl":{"start":{"line":25,"column":2},"end":{"line":25,"column":3}},"loc":{"start":{"line":25,"column":37},"end":{"line":33,"column":3}},"line":25},"7":{"name":"(anonymous_7)","decl":{"start":{"line":36,"column":15},"end":{"line":36,"column":16}},"loc":{"start":{"line":36,"column":29},"end":{"line":40,"column":1}},"line":36},"8":{"name":"(anonymous_8)","decl":{"start":{"line":42,"column":20},"end":{"line":42,"column":21}},"loc":{"start":{"line":42,"column":34},"end":{"line":46,"column":1}},"line":42}},"branchMap":{},"s":{"0":2,"1":2,"2":32,"3":2,"4":4,"5":2,"6":4,"7":2,"8":6,"9":2,"10":3,"11":2,"12":3,"13":2,"14":3,"15":3,"16":3,"17":0,"18":2,"19":6,"20":2,"21":6,"22":2},"f":{"0":32,"1":4,"2":4,"3":6,"4":3,"5":3,"6":3,"7":6,"8":6},"b":{},"_coverageSchema":"43e27e138ebf9cfc5966b082cf9a028302ed4184","hash":"41bb41985fbc751668006926b160587da7769a7c"}
}
