{"/Users/ericssonschroeter/Documents/Current-Projects/deliminator/src/index.js": {"path":"/Users/ericssonschroeter/Documents/Current-Projects/deliminator/src/index.js","statementMap":{"0":{"start":{"line":1,"column":18},"end":{"line":1,"column":34}},"1":{"start":{"line":3,"column":18},"end":{"line":3,"column":67}},"2":{"start":{"line":3,"column":45},"end":{"line":3,"column":66}},"3":{"start":{"line":5,"column":17},"end":{"line":5,"column":66}},"4":{"start":{"line":5,"column":44},"end":{"line":5,"column":65}},"5":{"start":{"line":7,"column":22},"end":{"line":7,"column":77}},"6":{"start":{"line":7,"column":55},"end":{"line":7,"column":76}},"7":{"start":{"line":9,"column":17},"end":{"line":9,"column":98}},"8":{"start":{"line":9,"column":25},"end":{"line":9,"column":97}},"9":{"start":{"line":11,"column":22},"end":{"line":11,"column":48}},"10":{"start":{"line":11,"column":35},"end":{"line":11,"column":48}},"11":{"start":{"line":13,"column":24},"end":{"line":15,"column":1}},"12":{"start":{"line":14,"column":31},"end":{"line":14,"column":80}},"13":{"start":{"line":17,"column":29},"end":{"line":22,"column":1}},"14":{"start":{"line":19,"column":18},"end":{"line":19,"column":68}},"15":{"start":{"line":20,"column":4},"end":{"line":20,"column":32}},"16":{"start":{"line":24,"column":15},"end":{"line":28,"column":2}},"17":{"start":{"line":24,"column":29},"end":{"line":28,"column":1}},"18":{"start":{"line":30,"column":20},"end":{"line":34,"column":2}},"19":{"start":{"line":30,"column":34},"end":{"line":34,"column":1}},"20":{"start":{"line":36,"column":0},"end":{"line":36,"column":41}}},"fnMap":{"0":{"name":"(anonymous_0)","decl":{"start":{"line":3,"column":24},"end":{"line":3,"column":25}},"loc":{"start":{"line":3,"column":45},"end":{"line":3,"column":66}},"line":3},"1":{"name":"(anonymous_1)","decl":{"start":{"line":5,"column":23},"end":{"line":5,"column":24}},"loc":{"start":{"line":5,"column":44},"end":{"line":5,"column":65}},"line":5},"2":{"name":"(anonymous_2)","decl":{"start":{"line":7,"column":28},"end":{"line":7,"column":29}},"loc":{"start":{"line":7,"column":55},"end":{"line":7,"column":76}},"line":7},"3":{"name":"(anonymous_3)","decl":{"start":{"line":9,"column":17},"end":{"line":9,"column":18}},"loc":{"start":{"line":9,"column":25},"end":{"line":9,"column":97}},"line":9},"4":{"name":"(anonymous_4)","decl":{"start":{"line":11,"column":22},"end":{"line":11,"column":23}},"loc":{"start":{"line":11,"column":35},"end":{"line":11,"column":48}},"line":11},"5":{"name":"(anonymous_5)","decl":{"start":{"line":14,"column":2},"end":{"line":14,"column":3}},"loc":{"start":{"line":14,"column":31},"end":{"line":14,"column":80}},"line":14},"6":{"name":"(anonymous_6)","decl":{"start":{"line":18,"column":2},"end":{"line":18,"column":3}},"loc":{"start":{"line":18,"column":37},"end":{"line":21,"column":3}},"line":18},"7":{"name":"(anonymous_7)","decl":{"start":{"line":24,"column":15},"end":{"line":24,"column":16}},"loc":{"start":{"line":24,"column":29},"end":{"line":28,"column":1}},"line":24},"8":{"name":"(anonymous_8)","decl":{"start":{"line":30,"column":20},"end":{"line":30,"column":21}},"loc":{"start":{"line":30,"column":34},"end":{"line":34,"column":1}},"line":30}},"branchMap":{},"s":{"0":2,"1":2,"2":32,"3":2,"4":4,"5":2,"6":4,"7":2,"8":6,"9":2,"10":3,"11":2,"12":3,"13":2,"14":3,"15":3,"16":2,"17":6,"18":2,"19":6,"20":2},"f":{"0":32,"1":4,"2":4,"3":6,"4":3,"5":3,"6":3,"7":6,"8":6},"b":{},"_coverageSchema":"43e27e138ebf9cfc5966b082cf9a028302ed4184","hash":"d4eb0194ec2064d2e25f03c0f5bbb7ccdfd888df"}
}
