TN:
SF:/Users/ericssonschroeter/Documents/Current-Projects.nosync/deliminator/src/index.js
FN:3,(anonymous_0)
FN:3,(anonymous_1)
FN:5,(anonymous_2)
FN:5,(anonymous_3)
FN:7,(anonymous_4)
FN:7,(anonymous_5)
FN:9,(anonymous_6)
FN:11,(anonymous_7)
FN:13,(anonymous_8)
FN:13,(anonymous_9)
FN:15,(anonymous_10)
FN:15,(anonymous_11)
FN:20,(anonymous_12)
FN:26,(anonymous_13)
FNF:14
FNH:14
FNDA:12,(anonymous_0)
FNDA:32,(anonymous_1)
FNDA:9,(anonymous_2)
FNDA:4,(anonymous_3)
FNDA:9,(anonymous_4)
FNDA:4,(anonymous_5)
FNDA:6,(anonymous_6)
FNDA:3,(anonymous_7)
FNDA:6,(anonymous_8)
FNDA:3,(anonymous_9)
FNDA:6,(anonymous_10)
FNDA:3,(anonymous_11)
FNDA:6,(anonymous_12)
FNDA:6,(anonymous_13)
DA:1,2
DA:3,32
DA:5,9
DA:7,9
DA:9,6
DA:11,3
DA:13,6
DA:15,6
DA:16,3
DA:17,3
DA:20,6
DA:26,6
DA:32,2
LF:13
LH:13
BRF:0
BRH:0
end_of_record
