TN:
SF:/Users/ericssonschroeter/Documents/Current-Projects.nosync/deliminator/src/index.js
FN:1,(anonymous_0)
FN:1,(anonymous_1)
FN:3,(anonymous_2)
FN:3,(anonymous_3)
FN:5,(anonymous_4)
FN:7,(anonymous_5)
FN:7,(anonymous_6)
FN:9,(anonymous_7)
FN:9,(anonymous_8)
FN:11,(anonymous_9)
FN:13,(anonymous_10)
FN:13,(anonymous_11)
FN:18,(anonymous_12)
FN:24,(anonymous_13)
FNF:14
FNH:14
FNDA:12,(anonymous_0)
FNDA:32,(anonymous_1)
FNDA:13,(anonymous_2)
FNDA:8,(anonymous_3)
FNDA:6,(anonymous_4)
FNDA:6,(anonymous_5)
FNDA:3,(anonymous_6)
FNDA:9,(anonymous_7)
FNDA:4,(anonymous_8)
FNDA:3,(anonymous_9)
FNDA:6,(anonymous_10)
FNDA:3,(anonymous_11)
FNDA:6,(anonymous_12)
FNDA:6,(anonymous_13)
DA:1,32
DA:3,13
DA:5,6
DA:7,6
DA:9,9
DA:11,3
DA:13,6
DA:14,3
DA:15,3
DA:18,6
DA:24,6
DA:30,2
LF:12
LH:12
BRF:0
BRH:0
end_of_record
